<?xml version="1.0" encoding="UTF-8"?>
<!-- Generated by org.testng.reporters.JUnitReportReporter -->
<testsuite hostname="DESKTOP-R34GNMG" failures="0" tests="1" name="com.easypurse.ecommerce.UserModule.CheckOutProcess" time="7.269" errors="0" timestamp="2024-11-22T12:35:58 IST" skipped="0">
  <testcase classname="com.easypurse.ecommerce.UserModule.CheckOutProcess" name="VerifyTheCheckOutProcess" time="7.269"/>
  <system-out/>
</testsuite> <!-- com.easypurse.ecommerce.UserModule.CheckOutProcess -->
