<?xml version="1.0" encoding="UTF-8"?>
<!-- Generated by org.testng.reporters.JUnitReportReporter -->
<testsuite hostname="DESKTOP-R34GNMG" failures="0" tests="3" name="com.easypurse.ecommerce.AdminModule.Admin" time="11.691" errors="0" timestamp="2024-11-26T18:22:33 IST" skipped="0">
  <testcase classname="com.easypurse.ecommerce.AdminModule.Admin" name="createSubCategoryTest" time="3.513"/>
  <system-out/>
  <testcase classname="com.easypurse.ecommerce.AdminModule.Admin" name="adminLogin" time="4.058"/>
  <system-out/>
  <testcase classname="com.easypurse.ecommerce.AdminModule.Admin" name="createCategoryTest" time="4.120"/>
  <system-out/>
</testsuite> <!-- com.easypurse.ecommerce.AdminModule.Admin -->
