<?xml version="1.0" encoding="UTF-8"?>
<!-- Generated by org.testng.reporters.JUnitReportReporter -->
<testsuite hostname="DESKTOP-R34GNMG" failures="0" tests="1" name="com.easypurse.ecommerce.AdminLoginToApp" time="1.543" errors="0" timestamp="2024-11-22T10:18:27 IST" skipped="0">
  <testcase classname="com.easypurse.ecommerce.AdminLoginToApp" name="adminLogin" time="1.543"/>
  <system-out/>
</testsuite> <!-- com.easypurse.ecommerce.AdminLoginToApp -->
