<?xml version="1.0" encoding="UTF-8"?>
<!-- Generated by org.testng.reporters.JUnitReportReporter -->
<testsuite hostname="DESKTOP-R34GNMG" failures="0" tests="2" name="com.easypurse.ecommerce.AdminModule.Admin" time="7.299" errors="0" timestamp="2024-11-26T09:51:41 IST" skipped="0">
  <testcase classname="com.easypurse.ecommerce.AdminModule.Admin" name="createCategoryTest" time="4.482"/>
  <system-out/>
  <testcase classname="com.easypurse.ecommerce.AdminModule.Admin" name="createSubCategoryTest" time="2.817"/>
  <system-out/>
</testsuite> <!-- com.easypurse.ecommerce.AdminModule.Admin -->
