<?xml version="1.0" encoding="UTF-8"?>
<!-- Generated by org.testng.reporters.JUnitReportReporter -->
<testsuite hostname="DESKTOP-R34GNMG" failures="0" tests="4" name="com.easypurse.ecommerce.UserModule.User" time="29.049" errors="0" timestamp="2024-11-26T18:22:33 IST" skipped="0">
  <testcase classname="com.easypurse.ecommerce.UserModule.User" name="verifyWishlistAfterLogout" time="6.967"/>
  <system-out/>
  <testcase classname="com.easypurse.ecommerce.UserModule.User" name="VerifyTheCheckOutProcess" time="15.433"/>
  <system-out/>
  <testcase classname="com.easypurse.ecommerce.UserModule.User" name="UserLogin" time="4.438"/>
  <system-out/>
  <testcase classname="com.easypurse.ecommerce.UserModule.User" name="verifyUserAbleToCreateAccount" time="2.211"/>
  <system-out/>
</testsuite> <!-- com.easypurse.ecommerce.UserModule.User -->
