<?xml version="1.0" encoding="UTF-8"?>
<!-- Generated by org.testng.reporters.JUnitReportReporter -->
<testsuite hostname="DESKTOP-R34GNMG" failures="0" tests="1" name="com.easypurse.ecommerce.UserLoginToApp" time="4.392" errors="0" timestamp="2024-11-22T12:02:50 IST" skipped="0">
  <testcase classname="com.easypurse.ecommerce.UserLoginToApp" name="UserLogin" time="4.392"/>
  <system-out/>
</testsuite> <!-- com.easypurse.ecommerce.UserLoginToApp -->
